<?xml version="1.0" encoding="UTF-8"?>
<!-- Generated by org.testng.reporters.JUnitReportReporter -->
<testsuite skipped="0" hostname="CTRLSOFT-C7X6GX" name="com.tso.setup.Basepageprop" tests="1" failures="0" timestamp="01 Dec 2020 15:09:09 GMT" time="175.397" errors="0">
  <testcase name="open" time="175.397" classname="com.tso.setup.Basepageprop"/>
</testsuite> <!-- com.tso.setup.Basepageprop -->
